android/app/build/outputs/logs/manifest-merger-debug-report.txt
-- Merging decision tree log ---
manifest
ADDED from src\main\AndroidManifest.xml:2:1-77:12
	package
		ADDED from src\main\AndroidManifest.xml:4:11-44
		INJECTED from src\main\AndroidManifest.xml
		INJECTED from src\main\AndroidManifest.xml
	android:versionName
		INJECTED from src\main\AndroidManifest.xml
		INJECTED from src\main\AndroidManifest.xml
	xmlns:tools
		ADDED from src\main\AndroidManifest.xml:3:11-57
	xmlns:android
		ADDED from src\main\AndroidManifest.xml:2:11-69
	android:versionCode
		INJECTED from src\main\AndroidManifest.xml
		INJECTED from src\main\AndroidManifest.xml
uses-permission#android.permission.READ_EXTERNAL_STORAGE
ADDED from src\main\AndroidManifest.xml:6:5-79
MERGED from [com.github.lovetuzitong:MultiImageSelector:1.2] AndroidManifest.xml:11:5-80
MERGED from [com.lzy.widget:imagepicker:0.3.0] AndroidManifest.xml:16:5-80
MERGED from [com.lzy.net:okhttputils:1.6.6] AndroidManifest.xml:12:5-80
MERGED from [com.lzy.net:okhttputils:1.6.6] AndroidManifest.xml:12:5-80
	android:name
		ADDED from src\main\AndroidManifest.xml:6:22-77
uses-permission#android.permission.WRITE_EXTERNAL_STORAGE
ADDED from src\main\AndroidManifest.xml:7:5-80
MERGED from [com.github.lovetuzitong:MultiImageSelector:1.2] AndroidManifest.xml:12:5-81
MERGED from [com.lzy.widget:imagepicker:0.3.0] AndroidManifest.xml:14:5-81
MERGED from [com.lzy.net:okhttputils:1.6.6] AndroidManifest.xml:13:5-81
MERGED from [com.lzy.net:okhttputils:1.6.6] AndroidManifest.xml:13:5-81
	android:name
		ADDED from src\main\AndroidManifest.xml:7:22-78
uses-permission#android.permission.ACCESS_NETWORK_STATE
ADDED from src\main\AndroidManifest.xml:8:5-78
	android:name
		ADDED from src\main\AndroidManifest.xml:8:22-76
uses-permission#android.permission.ACCESS_WIFI_STATE
ADDED from src\main\AndroidManifest.xml:9:5-75
	android:name
		ADDED from src\main\AndroidManifest.xml:9:22-73
uses-permission#android.permission.INTERNET
ADDED from src\main\AndroidManifest.xml:10:5-66
MERGED from [com.lzy.net:okhttputils:1.6.6] AndroidManifest.xml:11:5-67
MERGED from [com.lzy.net:okhttputils:1.6.6] AndroidManifest.xml:11:5-67
	android:name
		ADDED from src\main\AndroidManifest.xml:10:22-64
uses-permission#android.permission.CHANGE_WIFI_STATE
ADDED from src\main\AndroidManifest.xml:11:5-75
	android:name
		ADDED from src\main\AndroidManifest.xml:11:22-73
uses-permission#android.permission.CHANGE_NETWORK_STATE
ADDED from src\main\AndroidManifest.xml:12:5-78
	android:name
		ADDED from src\main\AndroidManifest.xml:12:22-76
uses-permission#android.permission.READ_LOGS
ADDED from src\main\AndroidManifest.xml:13:5-67
	android:name
		ADDED from src\main\AndroidManifest.xml:13:22-65
uses-permission#android.permission.WRITE_SETTINGS
ADDED from src\main\AndroidManifest.xml:14:5-72
	android:name
		ADDED from src\main\AndroidManifest.xml:14:22-70
uses-permission#android.permission.MOUNT_UNMOUNT_FILESYSTEMS
ADDED from src\main\AndroidManifest.xml:17:5-83
MERGED from [com.lzy.widget:imagepicker:0.3.0] AndroidManifest.xml:12:5-84
MERGED from [com.lzy.net:okhttputils:1.6.6] AndroidManifest.xml:14:5-84
MERGED from [com.lzy.net:okhttputils:1.6.6] AndroidManifest.xml:14:5-84
	android:name
		ADDED from src\main\AndroidManifest.xml:17:22-81
application
ADDED from src\main\AndroidManifest.xml:19:5-75:19
MERGED from [com.android.support:appcompat-v7:23.4.0] AndroidManifest.xml:25:5-20
MERGED from [com.android.support:animated-vector-drawable:23.4.0] AndroidManifest.xml:7:5-20
MERGED from [com.android.support:support-vector-drawable:23.4.0] AndroidManifest.xml:7:5-20
MERGED from [com.android.support:support-v4:23.4.0] AndroidManifest.xml:22:5-20
MERGED from [com.android.support:support-v4:23.4.0] AndroidManifest.xml:22:5-20
MERGED from [com.android.support:support-vector-drawable:23.4.0] AndroidManifest.xml:7:5-20
MERGED from [com.android.support:support-v4:23.4.0] AndroidManifest.xml:22:5-20
MERGED from [com.android.support:support-v4:23.4.0] AndroidManifest.xml:22:5-20
MERGED from [com.android.support:design:23.4.0] AndroidManifest.xml:22:5-20
MERGED from [com.android.support:support-v4:23.4.0] AndroidManifest.xml:22:5-20
MERGED from [com.android.support:appcompat-v7:23.4.0] AndroidManifest.xml:25:5-20
MERGED from [com.android.support:animated-vector-drawable:23.4.0] AndroidManifest.xml:7:5-20
MERGED from [com.android.support:support-vector-drawable:23.4.0] AndroidManifest.xml:7:5-20
MERGED from [com.android.support:support-v4:23.4.0] AndroidManifest.xml:22:5-20
MERGED from [com.android.support:support-v4:23.4.0] AndroidManifest.xml:22:5-20
MERGED from [com.android.support:support-vector-drawable:23.4.0] AndroidManifest.xml:7:5-20
MERGED from [com.android.support:support-v4:23.4.0] AndroidManifest.xml:22:5-20
MERGED from [com.android.support:support-v4:23.4.0] AndroidManifest.xml:22:5-20
MERGED from [com.shizhefei:ViewPagerIndicator:1.0.7] AndroidManifest.xml:11:5-14:19
MERGED from [com.android.support:support-v4:23.4.0] AndroidManifest.xml:22:5-20
MERGED from [com.github.frank-zhu:pullzoomview:1.0.0] AndroidManifest.xml:11:5-15:19
MERGED from [com.android.support:appcompat-v7:23.4.0] AndroidManifest.xml:25:5-20
MERGED from [com.android.support:animated-vector-drawable:23.4.0] AndroidManifest.xml:7:5-20
MERGED from [com.android.support:support-vector-drawable:23.4.0] AndroidManifest.xml:7:5-20
MERGED from [com.android.support:support-v4:23.4.0] AndroidManifest.xml:22:5-20
MERGED from [com.android.support:support-v4:23.4.0] AndroidManifest.xml:22:5-20
MERGED from [com.android.support:support-vector-drawable:23.4.0] AndroidManifest.xml:7:5-20
MERGED from [com.android.support:support-v4:23.4.0] AndroidManifest.xml:22:5-20
MERGED from [com.github.CymChad:BaseRecyclerViewAdapterHelper:v1.9.7] AndroidManifest.xml:11:5-14:19
MERGED from [com.android.support:support-v4:23.4.0] AndroidManifest.xml:22:5-20
MERGED from [com.jaeger.statusbaruitl:library:1.1.1] AndroidManifest.xml:11:5-20
MERGED from [com.android.support:appcompat-v7:23.4.0] AndroidManifest.xml:25:5-20
MERGED from [com.android.support:animated-vector-drawable:23.4.0] AndroidManifest.xml:7:5-20
MERGED from [com.android.support:support-vector-drawable:23.4.0] AndroidManifest.xml:7:5-20
MERGED from [com.android.support:support-v4:23.4.0] AndroidManifest.xml:22:5-20
MERGED from [com.android.support:support-v4:23.4.0] AndroidManifest.xml:22:5-20
MERGED from [com.android.support:support-vector-drawable:23.4.0] AndroidManifest.xml:7:5-20
MERGED from [com.android.support:support-v4:23.4.0] AndroidManifest.xml:22:5-20
MERGED from [com.android.support:appcompat-v7:23.4.0] AndroidManifest.xml:25:5-20
MERGED from [com.android.support:animated-vector-drawable:23.4.0] AndroidManifest.xml:7:5-20
MERGED from [com.android.support:support-vector-drawable:23.4.0] AndroidManifest.xml:7:5-20
MERGED from [com.android.support:support-v4:23.4.0] AndroidManifest.xml:22:5-20
MERGED from [com.android.support:support-v4:23.4.0] AndroidManifest.xml:22:5-20
MERGED from [com.android.support:support-vector-drawable:23.4.0] AndroidManifest.xml:7:5-20
MERGED from [com.android.support:support-v4:23.4.0] AndroidManifest.xml:22:5-20
MERGED from [com.github.lovetuzitong:MultiImageSelector:1.2] AndroidManifest.xml:14:5-18:19
MERGED from [com.android.support:appcompat-v7:23.4.0] AndroidManifest.xml:25:5-20
MERGED from [com.android.support:animated-vector-drawable:23.4.0] AndroidManifest.xml:7:5-20
MERGED from [com.android.support:support-vector-drawable:23.4.0] AndroidManifest.xml:7:5-20
MERGED from [com.android.support:support-v4:23.4.0] AndroidManifest.xml:22:5-20
MERGED from [com.android.support:support-v4:23.4.0] AndroidManifest.xml:22:5-20
MERGED from [com.android.support:support-vector-drawable:23.4.0] AndroidManifest.xml:7:5-20
MERGED from [com.android.support:support-v4:23.4.0] AndroidManifest.xml:22:5-20
MERGED from [com.lzy.widget:imagepicker:0.3.0] AndroidManifest.xml:20:5-35:19
MERGED from [com.android.support:appcompat-v7:23.4.0] AndroidManifest.xml:25:5-20
MERGED from [com.android.support:animated-vector-drawable:23.4.0] AndroidManifest.xml:7:5-20
MERGED from [com.android.support:support-vector-drawable:23.4.0] AndroidManifest.xml:7:5-20
MERGED from [com.android.support:support-v4:23.4.0] AndroidManifest.xml:22:5-20
MERGED from [com.android.support:support-v4:23.4.0] AndroidManifest.xml:22:5-20
MERGED from [com.android.support:support-vector-drawable:23.4.0] AndroidManifest.xml:7:5-20
MERGED from [com.android.support:support-v4:23.4.0] AndroidManifest.xml:22:5-20
MERGED from [com.android.support:support-v4:23.4.0] AndroidManifest.xml:22:5-20
MERGED from [com.android.support:support-v4:23.4.0] AndroidManifest.xml:22:5-20
MERGED from [com.github.dongjunkun:DropDownMenu:1.0.3] AndroidManifest.xml:11:5-15:19
MERGED from [com.android.support:appcompat-v7:23.4.0] AndroidManifest.xml:25:5-20
MERGED from [com.android.support:animated-vector-drawable:23.4.0] AndroidManifest.xml:7:5-20
MERGED from [com.android.support:support-vector-drawable:23.4.0] AndroidManifest.xml:7:5-20
MERGED from [com.android.support:support-v4:23.4.0] AndroidManifest.xml:22:5-20
MERGED from [com.android.support:support-v4:23.4.0] AndroidManifest.xml:22:5-20
MERGED from [com.android.support:support-vector-drawable:23.4.0] AndroidManifest.xml:7:5-20
MERGED from [com.android.support:support-v4:23.4.0] AndroidManifest.xml:22:5-20
MERGED from [com.lzy.net:okhttpserver:0.1.7] AndroidManifest.xml:11:5-13:19
	android:label
		ADDED from src\main\AndroidManifest.xml:23:9-41
	android:supportsRtl
		ADDED from src\main\AndroidManifest.xml:24:9-35
	android:allowBackup
		ADDED from src\main\AndroidManifest.xml:21:9-35
	android:icon
		ADDED from src\main\AndroidManifest.xml:22:9-43
		REJECTED from [com.github.frank-zhu:pullzoomview:1.0.0] AndroidManifest.xml:13:9-45
	android:theme
		ADDED from src\main\AndroidManifest.xml:25:9-52
	tools:replace
		ADDED from src\main\AndroidManifest.xml:26:9-37
	android:name
		ADDED from src\main\AndroidManifest.xml:20:9-49
activity#com.wenmingkeji.peiliao.activities.HomeActivity
ADDED from src\main\AndroidManifest.xml:27:9-33:20
	android:name
		ADDED from src\main\AndroidManifest.xml:27:19-58
intent-filter#android.intent.action.MAIN+android.intent.category.LAUNCHER
ADDED from src\main\AndroidManifest.xml:28:13-32:29
action#android.intent.action.MAIN
ADDED from src\main\AndroidManifest.xml:29:17-68
	android:name
		ADDED from src\main\AndroidManifest.xml:29:25-66
category#android.intent.category.LAUNCHER
ADDED from src\main\AndroidManifest.xml:31:17-76
	android:name
		ADDED from src\main\AndroidManifest.xml:31:27-74
activity#com.wenmingkeji.peiliao.activities.ServiceDetailsActivity
ADDED from src\main\AndroidManifest.xml:34:9-35:20
	android:name
		ADDED from src\main\AndroidManifest.xml:34:19-68
activity#com.wenmingkeji.peiliao.activities.Main2Activity
ADDED from src\main\AndroidManifest.xml:36:9-37:20
	android:name
		ADDED from src\main\AndroidManifest.xml:36:19-59
activity#com.wenmingkeji.peiliao.activities.GridDetailsActivity
ADDED from src\main\AndroidManifest.xml:38:9-39:20
	android:name
		ADDED from src\main\AndroidManifest.xml:38:19-65
activity#com.wenmingkeji.peiliao.activities.Main3Activity
ADDED from src\main\AndroidManifest.xml:40:9-41:20
	android:name
		ADDED from src\main\AndroidManifest.xml:40:19-59
activity#com.wenmingkeji.peiliao.activities.ServiceAppointActivity
ADDED from src\main\AndroidManifest.xml:42:9-43:20
	android:name
		ADDED from src\main\AndroidManifest.xml:42:19-68
activity#com.wenmingkeji.peiliao.activities.ServicePayActivity
ADDED from src\main\AndroidManifest.xml:44:9-45:20
	android:name
		ADDED from src\main\AndroidManifest.xml:44:19-64
activity#com.wenmingkeji.peiliao.activities.OrderDetailsActivity
ADDED from src\main\AndroidManifest.xml:46:9-47:20
	android:name
		ADDED from src\main\AndroidManifest.xml:46:19-66
activity#com.wenmingkeji.peiliao.activities.TalentPublishActivity
ADDED from src\main\AndroidManifest.xml:48:9-49:20
	android:name
		ADDED from src\main\AndroidManifest.xml:48:19-67
activity#com.wenmingkeji.peiliao.activities.PublishVoiceActivity
ADDED from src\main\AndroidManifest.xml:50:9-51:20
	android:name
		ADDED from src\main\AndroidManifest.xml:50:19-66
activity#com.wenmingkeji.peiliao.activities.PublishTextActivity
ADDED from src\main\AndroidManifest.xml:52:9-53:20
	android:name
		ADDED from src\main\AndroidManifest.xml:52:19-65
activity#com.wenmingkeji.peiliao.activities.PublishServiceActivity
ADDED from src\main\AndroidManifest.xml:54:9-55:20
	android:name
		ADDED from src\main\AndroidManifest.xml:54:19-68
activity#com.wenmingkeji.peiliao.activities.Main4Activity
ADDED from src\main\AndroidManifest.xml:56:9-60:20
	android:label
		ADDED from src\main\AndroidManifest.xml:58:13-57
	android:theme
		ADDED from src\main\AndroidManifest.xml:59:13-56
	android:name
		ADDED from src\main\AndroidManifest.xml:57:13-53
activity#com.wenmingkeji.peiliao.activities.ChooseRelativeServiceActivity
ADDED from src\main\AndroidManifest.xml:61:9-62:20
	android:name
		ADDED from src\main\AndroidManifest.xml:61:19-75
activity#com.wenmingkeji.peiliao.activities.TimeManagerActivity
ADDED from src\main\AndroidManifest.xml:63:9-64:20
	android:name
		ADDED from src\main\AndroidManifest.xml:63:19-65
activity#com.wenmingkeji.peiliao.activities.MessageChatActivity
ADDED from src\main\AndroidManifest.xml:65:9-68:20
	android:windowSoftInputMode
		ADDED from src\main\AndroidManifest.xml:67:13-55
	android:name
		ADDED from src\main\AndroidManifest.xml:66:13-59
activity#com.wenmingkeji.peiliao.activities.TalentPersonalActivity
ADDED from src\main\AndroidManifest.xml:69:9-70:20
	android:name
		ADDED from src\main\AndroidManifest.xml:69:19-68
activity#com.wenmingkeji.peiliao.activities.TalentStatusDetailsActivity
ADDED from src\main\AndroidManifest.xml:71:9-72:20
	android:name
		ADDED from src\main\AndroidManifest.xml:71:19-73
activity#com.wenmingkeji.peiliao.activities.WebViewActivity
ADDED from src\main\AndroidManifest.xml:73:9-74:20
	android:name
		ADDED from src\main\AndroidManifest.xml:73:19-61
uses-sdk
INJECTED from src\main\AndroidManifest.xml reason: use-sdk injection requested
MERGED from [com.android.support:appcompat-v7:23.4.0] AndroidManifest.xml:21:5-23:78
MERGED from [com.android.support:animated-vector-drawable:23.4.0] AndroidManifest.xml:5:5-44
MERGED from [com.android.support:support-vector-drawable:23.4.0] AndroidManifest.xml:5:5-43
MERGED from [com.android.support:support-v4:23.4.0] AndroidManifest.xml:20:5-43
MERGED from [com.android.support:support-v4:23.4.0] AndroidManifest.xml:20:5-43
MERGED from [com.android.support:support-vector-drawable:23.4.0] AndroidManifest.xml:5:5-43
MERGED from [com.android.support:support-v4:23.4.0] AndroidManifest.xml:20:5-43
MERGED from [com.jakewharton:butterknife:8.0.1] AndroidManifest.xml:5:5-43
MERGED from [com.android.support:recyclerview-v7:23.4.0] AndroidManifest.xml:20:5-43
MERGED from [com.android.support:support-v4:23.4.0] AndroidManifest.xml:20:5-43
MERGED from [com.android.support:design:23.4.0] AndroidManifest.xml:20:5-43
MERGED from [com.android.support:recyclerview-v7:23.4.0] AndroidManifest.xml:20:5-43
MERGED from [com.android.support:support-v4:23.4.0] AndroidManifest.xml:20:5-43
MERGED from [com.android.support:appcompat-v7:23.4.0] AndroidManifest.xml:21:5-23:78
MERGED from [com.android.support:animated-vector-drawable:23.4.0] AndroidManifest.xml:5:5-44
MERGED from [com.android.support:support-vector-drawable:23.4.0] AndroidManifest.xml:5:5-43
MERGED from [com.android.support:support-v4:23.4.0] AndroidManifest.xml:20:5-43
MERGED from [com.android.support:support-v4:23.4.0] AndroidManifest.xml:20:5-43
MERGED from [com.android.support:support-vector-drawable:23.4.0] AndroidManifest.xml:5:5-43
MERGED from [com.android.support:support-v4:23.4.0] AndroidManifest.xml:20:5-43
MERGED from [com.android.support:support-v4:23.4.0] AndroidManifest.xml:20:5-43
MERGED from [com.shizhefei:ViewPagerIndicator:1.0.7] AndroidManifest.xml:7:5-9:41
MERGED from [com.android.support:support-v4:23.4.0] AndroidManifest.xml:20:5-43
MERGED from [me.relex:circleindicator:1.2.1] AndroidManifest.xml:8:5-10:41
MERGED from [com.github.frank-zhu:pullzoomview:1.0.0] AndroidManifest.xml:7:5-9:41
MERGED from [com.android.support:appcompat-v7:23.4.0] AndroidManifest.xml:21:5-23:78
MERGED from [com.android.support:animated-vector-drawable:23.4.0] AndroidManifest.xml:5:5-44
MERGED from [com.android.support:support-vector-drawable:23.4.0] AndroidManifest.xml:5:5-43
MERGED from [com.android.support:support-v4:23.4.0] AndroidManifest.xml:20:5-43
MERGED from [com.android.support:support-v4:23.4.0] AndroidManifest.xml:20:5-43
MERGED from [com.android.support:support-vector-drawable:23.4.0] AndroidManifest.xml:5:5-43
MERGED from [com.android.support:support-v4:23.4.0] AndroidManifest.xml:20:5-43
MERGED from [com.github.CymChad:BaseRecyclerViewAdapterHelper:v1.9.7] AndroidManifest.xml:7:5-9:41
MERGED from [com.android.support:recyclerview-v7:23.4.0] AndroidManifest.xml:20:5-43
MERGED from [com.android.support:support-v4:23.4.0] AndroidManifest.xml:20:5-43
MERGED from [com.jaeger.statusbaruitl:library:1.1.1] AndroidManifest.xml:7:5-9:41
MERGED from [com.android.support:appcompat-v7:23.4.0] AndroidManifest.xml:21:5-23:78
MERGED from [com.android.support:animated-vector-drawable:23.4.0] AndroidManifest.xml:5:5-44
MERGED from [com.android.support:support-vector-drawable:23.4.0] AndroidManifest.xml:5:5-43
MERGED from [com.android.support:support-v4:23.4.0] AndroidManifest.xml:20:5-43
MERGED from [com.android.support:support-v4:23.4.0] AndroidManifest.xml:20:5-43
MERGED from [com.android.support:support-vector-drawable:23.4.0] AndroidManifest.xml:5:5-43
MERGED from [com.android.support:support-v4:23.4.0] AndroidManifest.xml:20:5-43
MERGED from [jp.wasabeef:glide-transformations:2.0.1] AndroidManifest.xml:8:5-10:41
MERGED from [com.orhanobut:logger:1.15] AndroidManifest.xml:6:5-43
MERGED from [Peiliao:magicindicator:unspecified] AndroidManifest.xml:8:5-10:41
MERGED from [com.android.support:appcompat-v7:23.4.0] AndroidManifest.xml:21:5-23:78
MERGED from [com.android.support:animated-vector-drawable:23.4.0] AndroidManifest.xml:5:5-44
MERGED from [com.android.support:support-vector-drawable:23.4.0] AndroidManifest.xml:5:5-43
MERGED from [com.android.support:support-v4:23.4.0] AndroidManifest.xml:20:5-43
MERGED from [com.android.support:support-v4:23.4.0] AndroidManifest.xml:20:5-43
MERGED from [com.android.support:support-vector-drawable:23.4.0] AndroidManifest.xml:5:5-43
MERGED from [com.android.support:support-v4:23.4.0] AndroidManifest.xml:20:5-43
MERGED from [com.github.lovetuzitong:MultiImageSelector:1.2] AndroidManifest.xml:7:5-9:41
MERGED from [com.android.support:appcompat-v7:23.4.0] AndroidManifest.xml:21:5-23:78
MERGED from [com.android.support:animated-vector-drawable:23.4.0] AndroidManifest.xml:5:5-44
MERGED from [com.android.support:support-vector-drawable:23.4.0] AndroidManifest.xml:5:5-43
MERGED from [com.android.support:support-v4:23.4.0] AndroidManifest.xml:20:5-43
MERGED from [com.android.support:support-v4:23.4.0] AndroidManifest.xml:20:5-43
MERGED from [com.android.support:support-vector-drawable:23.4.0] AndroidManifest.xml:5:5-43
MERGED from [com.android.support:support-v4:23.4.0] AndroidManifest.xml:20:5-43
MERGED from [com.lzy.widget:imagepicker:0.3.0] AndroidManifest.xml:7:5-9:41
MERGED from [com.android.support:appcompat-v7:23.4.0] AndroidManifest.xml:21:5-23:78
MERGED from [com.android.support:animated-vector-drawable:23.4.0] AndroidManifest.xml:5:5-44
MERGED from [com.android.support:support-vector-drawable:23.4.0] AndroidManifest.xml:5:5-43
MERGED from [com.android.support:support-v4:23.4.0] AndroidManifest.xml:20:5-43
MERGED from [com.android.support:support-v4:23.4.0] AndroidManifest.xml:20:5-43
MERGED from [com.android.support:support-vector-drawable:23.4.0] AndroidManifest.xml:5:5-43
MERGED from [com.android.support:support-v4:23.4.0] AndroidManifest.xml:20:5-43
MERGED from [com.github.chrisbanes.photoview:library:1.2.4] AndroidManifest.xml:7:5-9:41
MERGED from [com.android.support:support-v4:23.4.0] AndroidManifest.xml:20:5-43
MERGED from [com.zhy:base-adapter:3.0.2] AndroidManifest.xml:7:5-9:41
MERGED from [com.android.support:recyclerview-v7:23.4.0] AndroidManifest.xml:20:5-43
MERGED from [com.android.support:support-v4:23.4.0] AndroidManifest.xml:20:5-43
MERGED from [com.github.dongjunkun:DropDownMenu:1.0.3] AndroidManifest.xml:7:5-9:41
MERGED from [com.android.support:appcompat-v7:23.4.0] AndroidManifest.xml:21:5-23:78
MERGED from [com.android.support:animated-vector-drawable:23.4.0] AndroidManifest.xml:5:5-44
MERGED from [com.android.support:support-vector-drawable:23.4.0] AndroidManifest.xml:5:5-43
MERGED from [com.android.support:support-v4:23.4.0] AndroidManifest.xml:20:5-43
MERGED from [com.android.support:support-v4:23.4.0] AndroidManifest.xml:20:5-43
MERGED from [com.android.support:support-vector-drawable:23.4.0] AndroidManifest.xml:5:5-43
MERGED from [com.android.support:support-v4:23.4.0] AndroidManifest.xml:20:5-43
MERGED from [com.lzy.net:okhttputils:1.6.6] AndroidManifest.xml:7:5-9:41
MERGED from [com.lzy.net:okhttpserver:0.1.7] AndroidManifest.xml:7:5-9:41
MERGED from [com.lzy.net:okhttputils:1.6.6] AndroidManifest.xml:7:5-9:41
	tools:overrideLibrary
		ADDED from [com.android.support:appcompat-v7:23.4.0] AndroidManifest.xml:23:9-75
	android:targetSdkVersion
		INJECTED from src\main\AndroidManifest.xml
		INJECTED from src\main\AndroidManifest.xml
	android:minSdkVersion
		INJECTED from src\main\AndroidManifest.xml
		INJECTED from src\main\AndroidManifest.xml
activity#me.nereo.multi_image_selector.MultiImageSelectorActivity
ADDED from [com.github.lovetuzitong:MultiImageSelector:1.2] AndroidManifest.xml:15:9-17:62
	android:configChanges
		ADDED from [com.github.lovetuzitong:MultiImageSelector:1.2] AndroidManifest.xml:17:13-59
	android:name
		ADDED from [com.github.lovetuzitong:MultiImageSelector:1.2] AndroidManifest.xml:16:13-84
uses-permission#android.permission.CAMERA
ADDED from [com.lzy.widget:imagepicker:0.3.0] AndroidManifest.xml:18:5-65
	android:name
		ADDED from [com.lzy.widget:imagepicker:0.3.0] AndroidManifest.xml:18:22-62
activity#com.lzy.imagepicker.ui.ImageBaseActivity
ADDED from [com.lzy.widget:imagepicker:0.3.0] AndroidManifest.xml:21:9-77
	android:name
		ADDED from [com.lzy.widget:imagepicker:0.3.0] AndroidManifest.xml:21:19-74
activity#com.lzy.imagepicker.ui.ImageGridActivity
ADDED from [com.lzy.widget:imagepicker:0.3.0] AndroidManifest.xml:22:9-25:55
	android:configChanges
		ADDED from [com.lzy.widget:imagepicker:0.3.0] AndroidManifest.xml:24:13-59
	android:theme
		ADDED from [com.lzy.widget:imagepicker:0.3.0] AndroidManifest.xml:25:13-52
	android:name
		ADDED from [com.lzy.widget:imagepicker:0.3.0] AndroidManifest.xml:23:13-68
activity#com.lzy.imagepicker.ui.ImageCropActivity
ADDED from [com.lzy.widget:imagepicker:0.3.0] AndroidManifest.xml:26:9-30:55
	android:hardwareAccelerated
		ADDED from [com.lzy.widget:imagepicker:0.3.0] AndroidManifest.xml:29:13-48
	android:configChanges
		ADDED from [com.lzy.widget:imagepicker:0.3.0] AndroidManifest.xml:28:13-59
	android:theme
		ADDED from [com.lzy.widget:imagepicker:0.3.0] AndroidManifest.xml:30:13-52
	android:name
		ADDED from [com.lzy.widget:imagepicker:0.3.0] AndroidManifest.xml:27:13-68
activity#com.lzy.imagepicker.ui.ImagePreviewActivity
ADDED from [com.lzy.widget:imagepicker:0.3.0] AndroidManifest.xml:31:9-34:65
	android:configChanges
		ADDED from [com.lzy.widget:imagepicker:0.3.0] AndroidManifest.xml:33:13-59
	android:theme
		ADDED from [com.lzy.widget:imagepicker:0.3.0] AndroidManifest.xml:34:13-62
	android:name
		ADDED from [com.lzy.widget:imagepicker:0.3.0] AndroidManifest.xml:32:13-71
service#com.lzy.okhttpserver.download.DownloadService
ADDED from [com.lzy.net:okhttpserver:0.1.7] AndroidManifest.xml:12:9-81
	android:name
		ADDED from [com.lzy.net:okhttpserver:0.1.7] AndroidManifest.xml:12:18-78